09:10:39,600 DEBUG main hibernate.SQL:109 - select geek0_.id as id1_0_, geek0_.Age as Age2_0_, geek0_.Nom as Nom3_0_, geek0_.Prenom as Prenom4_0_, geek0_.Sexe as Sexe5_0_ from GEEK geek0_ order by geek0_.id
09:10:39,835 DEBUG main hibernate.SQL:109 - select geek0_.id as id1_0_0_, geek0_.Age as Age2_0_0_, geek0_.Nom as Nom3_0_0_, geek0_.Prenom as Prenom4_0_0_, geek0_.Sexe as Sexe5_0_0_ from GEEK geek0_ where geek0_.id=?
09:10:40,053 DEBUG main hibernate.SQL:109 - select geek0_.id as id1_0_, geek0_.Age as Age2_0_, geek0_.Nom as Nom3_0_, geek0_.Prenom as Prenom4_0_, geek0_.Sexe as Sexe5_0_ from GEEK geek0_ where geek0_.Sexe like ?
09:13:28,348 DEBUG main hibernate.SQL:109 - select geek0_.id as id1_0_, geek0_.Age as Age2_0_, geek0_.Nom as Nom3_0_, geek0_.Prenom as Prenom4_0_, geek0_.Sexe as Sexe5_0_ from GEEK geek0_ order by geek0_.id
09:13:28,599 DEBUG main hibernate.SQL:109 - select geek0_.id as id1_0_0_, geek0_.Age as Age2_0_0_, geek0_.Nom as Nom3_0_0_, geek0_.Prenom as Prenom4_0_0_, geek0_.Sexe as Sexe5_0_0_ from GEEK geek0_ where geek0_.id=?
09:13:28,817 DEBUG main hibernate.SQL:109 - select geek0_.id as id1_0_, geek0_.Age as Age2_0_, geek0_.Nom as Nom3_0_, geek0_.Prenom as Prenom4_0_, geek0_.Sexe as Sexe5_0_ from GEEK geek0_ where geek0_.Sexe like ?
09:14:15,245 DEBUG main hibernate.SQL:109 - select geek0_.id as id1_0_, geek0_.Age as Age2_0_, geek0_.Nom as Nom3_0_, geek0_.Prenom as Prenom4_0_, geek0_.Sexe as Sexe5_0_ from GEEK geek0_ order by geek0_.id
09:14:15,480 DEBUG main hibernate.SQL:109 - select geek0_.id as id1_0_0_, geek0_.Age as Age2_0_0_, geek0_.Nom as Nom3_0_0_, geek0_.Prenom as Prenom4_0_0_, geek0_.Sexe as Sexe5_0_0_ from GEEK geek0_ where geek0_.id=?
09:14:15,698 DEBUG main hibernate.SQL:109 - select geek0_.id as id1_0_, geek0_.Age as Age2_0_, geek0_.Nom as Nom3_0_, geek0_.Prenom as Prenom4_0_, geek0_.Sexe as Sexe5_0_ from GEEK geek0_ where geek0_.Sexe like ?
09:14:15,807 DEBUG main hibernate.SQL:109 - select geek0_.id as id1_0_, geek0_.Age as Age2_0_, geek0_.Nom as Nom3_0_, geek0_.Prenom as Prenom4_0_, geek0_.Sexe as Sexe5_0_ from GEEK geek0_ where geek0_.Sexe like ?
09:17:39,936 DEBUG main hibernate.SQL:109 - select interet0_.id as id1_1_0_, interet0_.Programmation as Programm2_1_0_ from INTERET interet0_ where interet0_.id=?
09:17:40,327 DEBUG main hibernate.SQL:109 - select interet0_.id as id1_1_, interet0_.Programmation as Programm2_1_ from INTERET interet0_ order by interet0_.id
09:44:38,258 ERROR main ast.ErrorCounter:78 - line 1:30: unexpected token: s
09:44:38,258 ERROR main ast.ErrorCounter:73 - line 1:30: unexpected token: s
line 1:30: unexpected token: s
	at org.hibernate.hql.internal.antlr.HqlBaseParser.fromClassOrOuterQueryPath(HqlBaseParser.java:1993)
	at org.hibernate.hql.internal.antlr.HqlBaseParser.fromRange(HqlBaseParser.java:1515)
	at org.hibernate.hql.internal.antlr.HqlBaseParser.fromClause(HqlBaseParser.java:1359)
	at org.hibernate.hql.internal.antlr.HqlBaseParser.selectFrom(HqlBaseParser.java:1077)
	at org.hibernate.hql.internal.antlr.HqlBaseParser.queryRule(HqlBaseParser.java:723)
	at org.hibernate.hql.internal.antlr.HqlBaseParser.selectStatement(HqlBaseParser.java:316)
	at org.hibernate.hql.internal.antlr.HqlBaseParser.statement(HqlBaseParser.java:179)
	at org.hibernate.hql.internal.ast.QueryTranslatorImpl.parse(QueryTranslatorImpl.java:295)
	at org.hibernate.hql.internal.ast.QueryTranslatorImpl.doCompile(QueryTranslatorImpl.java:203)
	at org.hibernate.hql.internal.ast.QueryTranslatorImpl.compile(QueryTranslatorImpl.java:158)
	at org.hibernate.engine.query.spi.HQLQueryPlan.<init>(HQLQueryPlan.java:126)
	at org.hibernate.engine.query.spi.HQLQueryPlan.<init>(HQLQueryPlan.java:88)
	at org.hibernate.engine.query.spi.QueryPlanCache.getHQLQueryPlan(QueryPlanCache.java:190)
	at org.hibernate.internal.AbstractSessionImpl.getHQLQueryPlan(AbstractSessionImpl.java:301)
	at org.hibernate.internal.AbstractSessionImpl.createQuery(AbstractSessionImpl.java:236)
	at org.hibernate.internal.SessionImpl.createQuery(SessionImpl.java:1800)
	at org.hibernate.jpa.spi.AbstractEntityManagerImpl.createQuery(AbstractEntityManagerImpl.java:342)
	at sun.reflect.NativeMethodAccessorImpl.invoke0(Native Method)
	at sun.reflect.NativeMethodAccessorImpl.invoke(Unknown Source)
	at sun.reflect.DelegatingMethodAccessorImpl.invoke(Unknown Source)
	at java.lang.reflect.Method.invoke(Unknown Source)
	at org.springframework.orm.jpa.ExtendedEntityManagerCreator$ExtendedEntityManagerInvocationHandler.invoke(ExtendedEntityManagerCreator.java:342)
	at com.sun.proxy.$Proxy33.createQuery(Unknown Source)
	at sun.reflect.NativeMethodAccessorImpl.invoke0(Native Method)
	at sun.reflect.NativeMethodAccessorImpl.invoke(Unknown Source)
	at sun.reflect.DelegatingMethodAccessorImpl.invoke(Unknown Source)
	at java.lang.reflect.Method.invoke(Unknown Source)
	at org.springframework.orm.jpa.SharedEntityManagerCreator$SharedEntityManagerInvocationHandler.invoke(SharedEntityManagerCreator.java:262)
	at com.sun.proxy.$Proxy31.createQuery(Unknown Source)
	at com.ninja_squad.geektic.dao.InteretDao.findAllInteretByGeek(InteretDao.java:38)
	at com.ninja_squad.geektic.dao.InteretDaoTest.findAllInteretByGeek(InteretDaoTest.java:51)
	at sun.reflect.NativeMethodAccessorImpl.invoke0(Native Method)
	at sun.reflect.NativeMethodAccessorImpl.invoke(Unknown Source)
	at sun.reflect.DelegatingMethodAccessorImpl.invoke(Unknown Source)
	at java.lang.reflect.Method.invoke(Unknown Source)
	at org.junit.runners.model.FrameworkMethod$1.runReflectiveCall(FrameworkMethod.java:47)
	at org.junit.internal.runners.model.ReflectiveCallable.run(ReflectiveCallable.java:12)
	at org.junit.runners.model.FrameworkMethod.invokeExplosively(FrameworkMethod.java:44)
	at org.junit.internal.runners.statements.InvokeMethod.evaluate(InvokeMethod.java:17)
	at org.junit.internal.runners.statements.RunBefores.evaluate(RunBefores.java:26)
	at org.springframework.test.context.junit4.statements.RunBeforeTestMethodCallbacks.evaluate(RunBeforeTestMethodCallbacks.java:74)
	at org.springframework.test.context.junit4.statements.RunAfterTestMethodCallbacks.evaluate(RunAfterTestMethodCallbacks.java:83)
	at org.springframework.test.context.junit4.statements.SpringRepeat.evaluate(SpringRepeat.java:72)
	at org.springframework.test.context.junit4.SpringJUnit4ClassRunner.runChild(SpringJUnit4ClassRunner.java:233)
	at org.springframework.test.context.junit4.SpringJUnit4ClassRunner.runChild(SpringJUnit4ClassRunner.java:87)
	at org.junit.runners.ParentRunner$3.run(ParentRunner.java:238)
	at org.junit.runners.ParentRunner$1.schedule(ParentRunner.java:63)
	at org.junit.runners.ParentRunner.runChildren(ParentRunner.java:236)
	at org.junit.runners.ParentRunner.access$000(ParentRunner.java:53)
	at org.junit.runners.ParentRunner$2.evaluate(ParentRunner.java:229)
	at org.springframework.test.context.junit4.statements.RunBeforeTestClassCallbacks.evaluate(RunBeforeTestClassCallbacks.java:61)
	at org.springframework.test.context.junit4.statements.RunAfterTestClassCallbacks.evaluate(RunAfterTestClassCallbacks.java:71)
	at org.junit.runners.ParentRunner.run(ParentRunner.java:309)
	at org.springframework.test.context.junit4.SpringJUnit4ClassRunner.run(SpringJUnit4ClassRunner.java:176)
	at org.eclipse.jdt.internal.junit4.runner.JUnit4TestReference.run(JUnit4TestReference.java:50)
	at org.eclipse.jdt.internal.junit.runner.TestExecution.run(TestExecution.java:38)
	at org.eclipse.jdt.internal.junit.runner.RemoteTestRunner.runTests(RemoteTestRunner.java:467)
	at org.eclipse.jdt.internal.junit.runner.RemoteTestRunner.runTests(RemoteTestRunner.java:683)
	at org.eclipse.jdt.internal.junit.runner.RemoteTestRunner.run(RemoteTestRunner.java:390)
	at org.eclipse.jdt.internal.junit.runner.RemoteTestRunner.main(RemoteTestRunner.java:197)
09:44:38,383 DEBUG main hibernate.SQL:109 - select interet0_.id as id1_1_0_, interet0_.Programmation as Programm2_1_0_ from INTERET interet0_ where interet0_.id=?
09:44:38,696 DEBUG main hibernate.SQL:109 - select interet0_.id as id1_1_, interet0_.Programmation as Programm2_1_ from INTERET interet0_ order by interet0_.id
09:58:38,928 DEBUG main hibernate.SQL:109 - select interet0_.id as id1_1_0_, interet0_.Programmation as Programm2_1_0_ from INTERET interet0_ where interet0_.id=?
09:58:39,194 DEBUG main hibernate.SQL:109 - select interet0_.id as id1_1_, interet0_.Programmation as Programm2_1_ from INTERET interet0_ order by interet0_.id
10:00:15,778 ERROR main ast.ErrorCounter:78 -  Path expected for join!
10:00:15,778 ERROR main ast.ErrorCounter:73 -  Path expected for join!
 Path expected for join!
	at org.hibernate.hql.internal.ast.HqlSqlWalker.createFromJoinElement(HqlSqlWalker.java:378)
	at org.hibernate.hql.internal.antlr.HqlSqlBaseWalker.joinElement(HqlSqlBaseWalker.java:3858)
	at org.hibernate.hql.internal.antlr.HqlSqlBaseWalker.fromElement(HqlSqlBaseWalker.java:3644)
	at org.hibernate.hql.internal.antlr.HqlSqlBaseWalker.fromElementList(HqlSqlBaseWalker.java:3522)
	at org.hibernate.hql.internal.antlr.HqlSqlBaseWalker.fromClause(HqlSqlBaseWalker.java:706)
	at org.hibernate.hql.internal.antlr.HqlSqlBaseWalker.query(HqlSqlBaseWalker.java:562)
	at org.hibernate.hql.internal.antlr.HqlSqlBaseWalker.selectStatement(HqlSqlBaseWalker.java:299)
	at org.hibernate.hql.internal.antlr.HqlSqlBaseWalker.statement(HqlSqlBaseWalker.java:247)
	at org.hibernate.hql.internal.ast.QueryTranslatorImpl.analyze(QueryTranslatorImpl.java:278)
	at org.hibernate.hql.internal.ast.QueryTranslatorImpl.doCompile(QueryTranslatorImpl.java:206)
	at org.hibernate.hql.internal.ast.QueryTranslatorImpl.compile(QueryTranslatorImpl.java:158)
	at org.hibernate.engine.query.spi.HQLQueryPlan.<init>(HQLQueryPlan.java:126)
	at org.hibernate.engine.query.spi.HQLQueryPlan.<init>(HQLQueryPlan.java:88)
	at org.hibernate.engine.query.spi.QueryPlanCache.getHQLQueryPlan(QueryPlanCache.java:190)
	at org.hibernate.internal.AbstractSessionImpl.getHQLQueryPlan(AbstractSessionImpl.java:301)
	at org.hibernate.internal.AbstractSessionImpl.createQuery(AbstractSessionImpl.java:236)
	at org.hibernate.internal.SessionImpl.createQuery(SessionImpl.java:1800)
	at org.hibernate.jpa.spi.AbstractEntityManagerImpl.createQuery(AbstractEntityManagerImpl.java:342)
	at sun.reflect.NativeMethodAccessorImpl.invoke0(Native Method)
	at sun.reflect.NativeMethodAccessorImpl.invoke(Unknown Source)
	at sun.reflect.DelegatingMethodAccessorImpl.invoke(Unknown Source)
	at java.lang.reflect.Method.invoke(Unknown Source)
	at org.springframework.orm.jpa.ExtendedEntityManagerCreator$ExtendedEntityManagerInvocationHandler.invoke(ExtendedEntityManagerCreator.java:342)
	at com.sun.proxy.$Proxy33.createQuery(Unknown Source)
	at sun.reflect.NativeMethodAccessorImpl.invoke0(Native Method)
	at sun.reflect.NativeMethodAccessorImpl.invoke(Unknown Source)
	at sun.reflect.DelegatingMethodAccessorImpl.invoke(Unknown Source)
	at java.lang.reflect.Method.invoke(Unknown Source)
	at org.springframework.orm.jpa.SharedEntityManagerCreator$SharedEntityManagerInvocationHandler.invoke(SharedEntityManagerCreator.java:262)
	at com.sun.proxy.$Proxy31.createQuery(Unknown Source)
	at com.ninja_squad.geektic.dao.InteretDao.findAllInteretByGeek(InteretDao.java:38)
	at com.ninja_squad.geektic.dao.InteretDaoTest.findAllInteretByGeek(InteretDaoTest.java:51)
	at sun.reflect.NativeMethodAccessorImpl.invoke0(Native Method)
	at sun.reflect.NativeMethodAccessorImpl.invoke(Unknown Source)
	at sun.reflect.DelegatingMethodAccessorImpl.invoke(Unknown Source)
	at java.lang.reflect.Method.invoke(Unknown Source)
	at org.junit.runners.model.FrameworkMethod$1.runReflectiveCall(FrameworkMethod.java:47)
	at org.junit.internal.runners.model.ReflectiveCallable.run(ReflectiveCallable.java:12)
	at org.junit.runners.model.FrameworkMethod.invokeExplosively(FrameworkMethod.java:44)
	at org.junit.internal.runners.statements.InvokeMethod.evaluate(InvokeMethod.java:17)
	at org.junit.internal.runners.statements.RunBefores.evaluate(RunBefores.java:26)
	at org.springframework.test.context.junit4.statements.RunBeforeTestMethodCallbacks.evaluate(RunBeforeTestMethodCallbacks.java:74)
	at org.springframework.test.context.junit4.statements.RunAfterTestMethodCallbacks.evaluate(RunAfterTestMethodCallbacks.java:83)
	at org.springframework.test.context.junit4.statements.SpringRepeat.evaluate(SpringRepeat.java:72)
	at org.springframework.test.context.junit4.SpringJUnit4ClassRunner.runChild(SpringJUnit4ClassRunner.java:233)
	at org.springframework.test.context.junit4.SpringJUnit4ClassRunner.runChild(SpringJUnit4ClassRunner.java:87)
	at org.junit.runners.ParentRunner$3.run(ParentRunner.java:238)
	at org.junit.runners.ParentRunner$1.schedule(ParentRunner.java:63)
	at org.junit.runners.ParentRunner.runChildren(ParentRunner.java:236)
	at org.junit.runners.ParentRunner.access$000(ParentRunner.java:53)
	at org.junit.runners.ParentRunner$2.evaluate(ParentRunner.java:229)
	at org.springframework.test.context.junit4.statements.RunBeforeTestClassCallbacks.evaluate(RunBeforeTestClassCallbacks.java:61)
	at org.springframework.test.context.junit4.statements.RunAfterTestClassCallbacks.evaluate(RunAfterTestClassCallbacks.java:71)
	at org.junit.runners.ParentRunner.run(ParentRunner.java:309)
	at org.springframework.test.context.junit4.SpringJUnit4ClassRunner.run(SpringJUnit4ClassRunner.java:176)
	at org.eclipse.jdt.internal.junit4.runner.JUnit4TestReference.run(JUnit4TestReference.java:50)
	at org.eclipse.jdt.internal.junit.runner.TestExecution.run(TestExecution.java:38)
	at org.eclipse.jdt.internal.junit.runner.RemoteTestRunner.runTests(RemoteTestRunner.java:467)
	at org.eclipse.jdt.internal.junit.runner.RemoteTestRunner.runTests(RemoteTestRunner.java:683)
	at org.eclipse.jdt.internal.junit.runner.RemoteTestRunner.run(RemoteTestRunner.java:390)
	at org.eclipse.jdt.internal.junit.runner.RemoteTestRunner.main(RemoteTestRunner.java:197)
10:00:15,918 DEBUG main hibernate.SQL:109 - select interet0_.id as id1_1_0_, interet0_.Programmation as Programm2_1_0_ from INTERET interet0_ where interet0_.id=?
10:00:16,169 DEBUG main hibernate.SQL:109 - select interet0_.id as id1_1_, interet0_.Programmation as Programm2_1_ from INTERET interet0_ order by interet0_.id
10:24:40,088 DEBUG main hibernate.SQL:109 - select interet0_.id as id1_2_0_, interet0_.Programmation as Programm2_2_0_ from INTERET interet0_ where interet0_.id=?
10:24:40,464 DEBUG main hibernate.SQL:109 - select interet0_.id as id1_2_, interet0_.Programmation as Programm2_2_ from INTERET interet0_ order by interet0_.id
10:25:19,556 DEBUG main hibernate.SQL:109 - select interet0_.id as id1_2_0_, interet0_.Programmation as Programm2_2_0_ from INTERET interet0_ where interet0_.id=?
10:25:19,949 DEBUG main hibernate.SQL:109 - select interet0_.id as id1_2_, interet0_.Programmation as Programm2_2_ from INTERET interet0_ order by interet0_.id
11:55:49,186 DEBUG main hibernate.SQL:109 - select geek0_.id as id1_0_, geek0_.Age as Age2_0_, geek0_.Nom as Nom3_0_, geek0_.Prenom as Prenom4_0_, geek0_.Sexe as Sexe5_0_ from GEEK geek0_ order by geek0_.id
11:55:49,317 DEBUG main hibernate.SQL:109 - select interets0_.ID_GEEK as ID_GEEK1_0_0_, interets0_.ID_INTERET as ID_INTER2_1_0_, interet1_.id as id1_2_1_, interet1_.Programmation as Programm2_2_1_ from GEEKINTERET interets0_ inner join INTERET interet1_ on interets0_.ID_INTERET=interet1_.id where interets0_.ID_GEEK=?
11:55:49,347 DEBUG main hibernate.SQL:109 - select interets0_.ID_GEEK as ID_GEEK1_0_0_, interets0_.ID_INTERET as ID_INTER2_1_0_, interet1_.id as id1_2_1_, interet1_.Programmation as Programm2_2_1_ from GEEKINTERET interets0_ inner join INTERET interet1_ on interets0_.ID_INTERET=interet1_.id where interets0_.ID_GEEK=?
11:55:49,347 DEBUG main hibernate.SQL:109 - select interets0_.ID_GEEK as ID_GEEK1_0_0_, interets0_.ID_INTERET as ID_INTER2_1_0_, interet1_.id as id1_2_1_, interet1_.Programmation as Programm2_2_1_ from GEEKINTERET interets0_ inner join INTERET interet1_ on interets0_.ID_INTERET=interet1_.id where interets0_.ID_GEEK=?
11:55:49,347 DEBUG main hibernate.SQL:109 - select interets0_.ID_GEEK as ID_GEEK1_0_0_, interets0_.ID_INTERET as ID_INTER2_1_0_, interet1_.id as id1_2_1_, interet1_.Programmation as Programm2_2_1_ from GEEKINTERET interets0_ inner join INTERET interet1_ on interets0_.ID_INTERET=interet1_.id where interets0_.ID_GEEK=?
11:55:49,347 DEBUG main hibernate.SQL:109 - select interets0_.ID_GEEK as ID_GEEK1_0_0_, interets0_.ID_INTERET as ID_INTER2_1_0_, interet1_.id as id1_2_1_, interet1_.Programmation as Programm2_2_1_ from GEEKINTERET interets0_ inner join INTERET interet1_ on interets0_.ID_INTERET=interet1_.id where interets0_.ID_GEEK=?
11:55:49,347 DEBUG main hibernate.SQL:109 - select interets0_.ID_GEEK as ID_GEEK1_0_0_, interets0_.ID_INTERET as ID_INTER2_1_0_, interet1_.id as id1_2_1_, interet1_.Programmation as Programm2_2_1_ from GEEKINTERET interets0_ inner join INTERET interet1_ on interets0_.ID_INTERET=interet1_.id where interets0_.ID_GEEK=?
11:55:49,467 DEBUG main hibernate.SQL:109 - select geek0_.id as id1_0_0_, geek0_.Age as Age2_0_0_, geek0_.Nom as Nom3_0_0_, geek0_.Prenom as Prenom4_0_0_, geek0_.Sexe as Sexe5_0_0_, interets1_.ID_GEEK as ID_GEEK1_0_1_, interet2_.id as ID_INTER2_1_1_, interet2_.id as id1_2_2_, interet2_.Programmation as Programm2_2_2_ from GEEK geek0_ left outer join GEEKINTERET interets1_ on geek0_.id=interets1_.ID_GEEK left outer join INTERET interet2_ on interets1_.ID_INTERET=interet2_.id where geek0_.id=?
11:55:49,677 DEBUG main hibernate.SQL:109 - select geek0_.id as id1_0_, geek0_.Age as Age2_0_, geek0_.Nom as Nom3_0_, geek0_.Prenom as Prenom4_0_, geek0_.Sexe as Sexe5_0_ from GEEK geek0_ where geek0_.Sexe like ?
11:55:49,787 DEBUG main hibernate.SQL:109 - select interets0_.ID_GEEK as ID_GEEK1_0_0_, interets0_.ID_INTERET as ID_INTER2_1_0_, interet1_.id as id1_2_1_, interet1_.Programmation as Programm2_2_1_ from GEEKINTERET interets0_ inner join INTERET interet1_ on interets0_.ID_INTERET=interet1_.id where interets0_.ID_GEEK=?
11:55:49,787 DEBUG main hibernate.SQL:109 - select interets0_.ID_GEEK as ID_GEEK1_0_0_, interets0_.ID_INTERET as ID_INTER2_1_0_, interet1_.id as id1_2_1_, interet1_.Programmation as Programm2_2_1_ from GEEKINTERET interets0_ inner join INTERET interet1_ on interets0_.ID_INTERET=interet1_.id where interets0_.ID_GEEK=?
11:55:49,787 DEBUG main hibernate.SQL:109 - select geek0_.id as id1_0_, geek0_.Age as Age2_0_, geek0_.Nom as Nom3_0_, geek0_.Prenom as Prenom4_0_, geek0_.Sexe as Sexe5_0_ from GEEK geek0_ where geek0_.Sexe like ?
11:55:49,887 DEBUG main hibernate.SQL:109 - select interets0_.ID_GEEK as ID_GEEK1_0_0_, interets0_.ID_INTERET as ID_INTER2_1_0_, interet1_.id as id1_2_1_, interet1_.Programmation as Programm2_2_1_ from GEEKINTERET interets0_ inner join INTERET interet1_ on interets0_.ID_INTERET=interet1_.id where interets0_.ID_GEEK=?
11:55:49,887 DEBUG main hibernate.SQL:109 - select interets0_.ID_GEEK as ID_GEEK1_0_0_, interets0_.ID_INTERET as ID_INTER2_1_0_, interet1_.id as id1_2_1_, interet1_.Programmation as Programm2_2_1_ from GEEKINTERET interets0_ inner join INTERET interet1_ on interets0_.ID_INTERET=interet1_.id where interets0_.ID_GEEK=?
11:55:49,887 DEBUG main hibernate.SQL:109 - select interets0_.ID_GEEK as ID_GEEK1_0_0_, interets0_.ID_INTERET as ID_INTER2_1_0_, interet1_.id as id1_2_1_, interet1_.Programmation as Programm2_2_1_ from GEEKINTERET interets0_ inner join INTERET interet1_ on interets0_.ID_INTERET=interet1_.id where interets0_.ID_GEEK=?
11:55:49,887 DEBUG main hibernate.SQL:109 - select interets0_.ID_GEEK as ID_GEEK1_0_0_, interets0_.ID_INTERET as ID_INTER2_1_0_, interet1_.id as id1_2_1_, interet1_.Programmation as Programm2_2_1_ from GEEKINTERET interets0_ inner join INTERET interet1_ on interets0_.ID_INTERET=interet1_.id where interets0_.ID_GEEK=?
